2023-04-22 21:33:41.800  INFO 8712 --- [main] c.h.c.employee.Application               : Starting Application using Java 17.0.3 on LAPTOP-N3CV051C with PID 8712 (C:\HDFC Git files\HDFC_SpringBoot\CapStone project Workspace\com.hdfc.capstoneproject.employeeinformation\bin\main started by adars in C:\HDFC Git files\HDFC_SpringBoot\CapStone project Workspace\com.hdfc.capstoneproject.employeeinformation)
2023-04-22 21:33:41.806  INFO 8712 --- [main] c.h.c.employee.Application               : No active profile set, falling back to 1 default profile: "default"
2023-04-22 21:33:43.041  INFO 8712 --- [main] .s.d.r.c.RepositoryConfigurationDelegate : Bootstrapping Spring Data JPA repositories in DEFAULT mode.
2023-04-22 21:33:43.167  INFO 8712 --- [main] .s.d.r.c.RepositoryConfigurationDelegate : Finished Spring Data repository scanning in 97 ms. Found 1 JPA repository interfaces.
2023-04-22 21:33:44.150  INFO 8712 --- [main] o.s.b.w.embedded.tomcat.TomcatWebServer  : Tomcat initialized with port(s): 8585 (http)
2023-04-22 21:33:44.171  INFO 8712 --- [main] o.apache.catalina.core.StandardService   : Starting service [Tomcat]
2023-04-22 21:33:44.172  INFO 8712 --- [main] org.apache.catalina.core.StandardEngine  : Starting Servlet engine: [Apache Tomcat/9.0.74]
2023-04-22 21:33:44.390  INFO 8712 --- [main] o.a.c.c.C.[Tomcat].[localhost].[/]       : Initializing Spring embedded WebApplicationContext
2023-04-22 21:33:44.391  INFO 8712 --- [main] w.s.c.ServletWebServerApplicationContext : Root WebApplicationContext: initialization completed in 2489 ms
2023-04-22 21:33:44.667  INFO 8712 --- [main] o.hibernate.jpa.internal.util.LogHelper  : HHH000204: Processing PersistenceUnitInfo [name: default]
2023-04-22 21:33:44.758  INFO 8712 --- [main] org.hibernate.Version                    : HHH000412: Hibernate ORM core version 5.6.15.Final
2023-04-22 21:33:45.079  INFO 8712 --- [main] o.hibernate.annotations.common.Version   : HCANN000001: Hibernate Commons Annotations {5.1.2.Final}
2023-04-22 21:33:45.277  INFO 8712 --- [main] com.zaxxer.hikari.HikariDataSource       : HikariPool-1 - Starting...
2023-04-22 21:33:45.886  INFO 8712 --- [main] com.zaxxer.hikari.HikariDataSource       : HikariPool-1 - Start completed.
2023-04-22 21:33:45.973  INFO 8712 --- [main] org.hibernate.dialect.Dialect            : HHH000400: Using dialect: org.hibernate.dialect.MySQL8Dialect
2023-04-22 21:33:47.154  INFO 8712 --- [main] o.h.e.t.j.p.i.JtaPlatformInitiator       : HHH000490: Using JtaPlatform implementation: [org.hibernate.engine.transaction.jta.platform.internal.NoJtaPlatform]
2023-04-22 21:33:47.177  INFO 8712 --- [main] j.LocalContainerEntityManagerFactoryBean : Initialized JPA EntityManagerFactory for persistence unit 'default'
2023-04-22 21:33:47.691  WARN 8712 --- [main] JpaBaseConfiguration$JpaWebConfiguration : spring.jpa.open-in-view is enabled by default. Therefore, database queries may be performed during view rendering. Explicitly configure spring.jpa.open-in-view to disable this warning
2023-04-22 21:33:48.346  INFO 8712 --- [main] o.s.b.w.embedded.tomcat.TomcatWebServer  : Tomcat started on port(s): 8585 (http) with context path ''
2023-04-22 21:33:48.368  INFO 8712 --- [main] c.h.c.employee.Application               : Started Application in 7.303 seconds (JVM running for 8.797)
2023-04-22 21:34:33.940  INFO 8712 --- [http-nio-8585-exec-1] o.a.c.c.C.[Tomcat].[localhost].[/]       : Initializing Spring DispatcherServlet 'dispatcherServlet'
2023-04-22 21:34:33.941  INFO 8712 --- [http-nio-8585-exec-1] o.s.web.servlet.DispatcherServlet        : Initializing Servlet 'dispatcherServlet'
2023-04-22 21:34:33.943  INFO 8712 --- [http-nio-8585-exec-1] o.s.web.servlet.DispatcherServlet        : Completed initialization in 2 ms
2023-04-22 21:34:46.654  INFO 8712 --- [http-nio-8585-exec-2] c.h.c.e.c.EmployeeRestController         : Web service called by getEmployeeById at 2023-04-22T21:34:46.654691800
2023-04-22 21:34:52.199  INFO 8712 --- [http-nio-8585-exec-5] c.h.c.e.c.EmployeeRestController         : Web service called by getEmployeeById at 2023-04-22T21:34:52.199360800
2023-04-22 21:35:03.036  INFO 8712 --- [http-nio-8585-exec-4] c.h.c.e.c.EmployeeRestController         : Web service called by getEmployeeById at 2023-04-22T21:35:03.036708
2023-04-22 21:35:54.886  INFO 8712 --- [RMI TCP Connection(9)-127.0.0.1] inMXBeanRegistrar$SpringApplicationAdmin : Application shutdown requested.
2023-04-22 21:35:54.914  INFO 8712 --- [RMI TCP Connection(9)-127.0.0.1] o.apache.catalina.core.StandardService   : Stopping service [Tomcat]
2023-04-22 21:35:54.918  INFO 8712 --- [RMI TCP Connection(9)-127.0.0.1] o.a.c.c.C.[Tomcat].[localhost].[/]       : Destroying Spring FrameworkServlet 'dispatcherServlet'
2023-04-22 21:35:54.935  INFO 8712 --- [RMI TCP Connection(9)-127.0.0.1] j.LocalContainerEntityManagerFactoryBean : Closing JPA EntityManagerFactory for persistence unit 'default'
2023-04-22 21:35:54.940  INFO 8712 --- [RMI TCP Connection(9)-127.0.0.1] com.zaxxer.hikari.HikariDataSource       : HikariPool-1 - Shutdown initiated...
2023-04-22 21:35:54.964  INFO 8712 --- [RMI TCP Connection(9)-127.0.0.1] com.zaxxer.hikari.HikariDataSource       : HikariPool-1 - Shutdown completed.
